TN:
SF:src\components\AppointmentPopup.tsx
FN:21,(anonymous_0)
FN:27,(anonymous_1)
FNF:2
FNH:0
FNDA:0,(anonymous_0)
FNDA:0,(anonymous_1)
DA:21,0
DA:27,0
DA:28,0
DA:30,0
DA:49,0
DA:79,0
DA:98,0
DA:102,0
DA:122,0
LF:9
LH:0
BRDA:28,0,0,0
BRDA:28,0,1,0
BRDA:28,0,2,0
BRDA:28,0,3,0
BRF:4
BRH:0
end_of_record
TN:
SF:src\components\BottomNavigationBar.tsx
FN:21,(anonymous_0)
FN:30,(anonymous_1)
FN:36,(anonymous_2)
FN:44,(anonymous_3)
FNF:4
FNH:0
FNDA:0,(anonymous_0)
FNDA:0,(anonymous_1)
FNDA:0,(anonymous_2)
FNDA:0,(anonymous_3)
DA:21,0
DA:26,0
DA:27,0
DA:28,0
DA:30,0
DA:31,0
DA:34,0
DA:37,0
DA:38,0
DA:40,0
DA:44,0
DA:58,0
LF:12
LH:0
BRDA:23,0,0,0
BRDA:24,1,0,0
BRDA:38,2,0,0
BRDA:38,2,1,0
BRDA:38,3,0,0
BRDA:38,3,1,0
BRDA:49,4,0,0
BRDA:49,4,1,0
BRF:8
BRH:0
end_of_record
TN:
SF:src\components\CustomButton.tsx
FN:14,(anonymous_0)
FNF:1
FNH:1
FNDA:44,(anonymous_0)
DA:14,1
DA:22,44
DA:31,44
DA:38,44
DA:55,1
LF:5
LH:5
BRDA:17,0,0,22
BRDA:18,1,0,44
BRDA:19,2,0,44
BRDA:24,3,0,44
BRDA:24,3,1,22
BRDA:25,4,0,44
BRDA:25,4,1,0
BRDA:26,5,0,44
BRDA:26,5,1,22
BRDA:27,6,0,44
BRDA:27,6,1,0
BRDA:33,7,0,44
BRDA:33,7,1,22
BRDA:34,8,0,44
BRDA:34,8,1,0
BRDA:35,9,0,44
BRDA:35,9,1,22
BRDA:42,10,0,44
BRDA:42,10,1,44
BRDA:45,11,0,0
BRDA:45,11,1,44
BRDA:46,12,0,0
BRDA:46,12,1,0
BRF:23
BRH:17
end_of_record
TN:
SF:src\components\EmotionalTendenciesChart.tsx
FN:17,(anonymous_0)
FN:22,(anonymous_1)
FN:27,(anonymous_2)
FN:34,(anonymous_3)
FN:42,(anonymous_4)
FNF:5
FNH:0
FNDA:0,(anonymous_0)
FNDA:0,(anonymous_1)
FNDA:0,(anonymous_2)
FNDA:0,(anonymous_3)
FNDA:0,(anonymous_4)
DA:17,0
DA:22,0
DA:24,0
DA:28,0
DA:34,0
DA:43,0
DA:64,0
LF:7
LH:0
BRDA:32,0,0,0
BRDA:32,0,1,0
BRF:2
BRH:0
end_of_record
TN:
SF:src\components\MoodSelector.tsx
FN:19,(anonymous_0)
FN:22,(anonymous_1)
FN:38,(anonymous_2)
FNF:3
FNH:0
FNDA:0,(anonymous_0)
FNDA:0,(anonymous_1)
FNDA:0,(anonymous_2)
DA:12,0
DA:19,0
DA:20,0
DA:24,0
DA:25,0
DA:26,0
DA:27,0
DA:28,0
DA:30,0
DA:38,0
DA:50,0
LF:11
LH:0
BRDA:25,0,0,0
BRDA:25,0,1,0
BRDA:26,1,0,0
BRDA:26,1,1,0
BRDA:27,2,0,0
BRDA:27,2,1,0
BRDA:28,3,0,0
BRDA:28,3,1,0
BRDA:36,4,0,0
BRDA:36,4,1,0
BRF:10
BRH:0
end_of_record
TN:
SF:src\config\firebase.ts
FNF:0
FNH:0
DA:13,0
DA:14,0
DA:17,0
LF:3
LH:0
BRF:0
BRH:0
end_of_record
TN:
SF:src\constants\colors.ts
FNF:0
FNH:0
DA:1,1
LF:1
LH:1
BRF:0
BRH:0
end_of_record
TN:
SF:src\constants\data.ts
FNF:0
FNH:0
DA:3,0
DA:34,0
LF:2
LH:0
BRF:0
BRH:0
end_of_record
TN:
SF:src\context\AuthContext.tsx
FN:14,(anonymous_0)
FN:17,(anonymous_1)
FN:22,(anonymous_2)
FN:33,(anonymous_3)
FN:42,(anonymous_4)
FN:65,(anonymous_5)
FNF:6
FNH:0
FNDA:0,(anonymous_0)
FNDA:0,(anonymous_1)
FNDA:0,(anonymous_2)
FNDA:0,(anonymous_3)
FNDA:0,(anonymous_4)
FNDA:0,(anonymous_5)
DA:12,0
DA:14,0
DA:15,0
DA:17,0
DA:19,0
DA:22,0
DA:23,0
DA:24,0
DA:25,0
DA:26,0
DA:29,0
DA:33,0
DA:34,0
DA:35,0
DA:36,0
DA:38,0
DA:42,0
DA:43,0
DA:44,0
DA:45,0
DA:47,0
DA:51,0
DA:65,0
DA:66,0
DA:67,0
DA:68,0
DA:70,0
LF:27
LH:0
BRDA:25,0,0,0
BRDA:25,0,1,0
BRDA:67,1,0,0
BRDA:67,1,1,0
BRF:4
BRH:0
end_of_record
TN:
SF:src\hooks\useMoodCheckIn.ts
FN:5,(anonymous_0)
FN:9,(anonymous_1)
FN:11,(anonymous_2)
FN:15,(anonymous_3)
FN:19,(anonymous_4)
FN:20,(anonymous_5)
FN:32,(anonymous_6)
FN:35,(anonymous_7)
FNF:8
FNH:0
FNDA:0,(anonymous_0)
FNDA:0,(anonymous_1)
FNDA:0,(anonymous_2)
FNDA:0,(anonymous_3)
FNDA:0,(anonymous_4)
FNDA:0,(anonymous_5)
FNDA:0,(anonymous_6)
FNDA:0,(anonymous_7)
DA:5,0
DA:6,0
DA:7,0
DA:9,0
DA:11,0
DA:12,0
DA:13,0
DA:14,0
DA:15,0
DA:19,0
DA:20,0
DA:21,0
DA:22,0
DA:24,0
DA:25,0
DA:29,0
DA:31,0
DA:32,0
DA:35,0
DA:36,0
DA:37,0
DA:38,0
DA:44,0
DA:45,0
DA:47,0
DA:48,0
DA:52,0
LF:27
LH:0
BRF:0
BRH:0
end_of_record
TN:
SF:src\screens\LoginScreen.tsx
FN:8,(anonymous_0)
FN:11,(anonymous_1)
FN:17,(anonymous_2)
FNF:3
FNH:0
FNDA:0,(anonymous_0)
FNDA:0,(anonymous_1)
FNDA:0,(anonymous_2)
DA:8,0
DA:9,0
DA:11,0
DA:14,0
DA:17,0
DA:19,0
DA:22,0
DA:70,0
LF:8
LH:0
BRF:0
BRH:0
end_of_record
TN:
SF:src\screens\NotificationScreen.tsx
FN:20,(anonymous_0)
FN:49,(anonymous_1)
FN:51,(anonymous_2)
FN:66,(anonymous_3)
FN:78,(anonymous_4)
FNF:5
FNH:0
FNDA:0,(anonymous_0)
FNDA:0,(anonymous_1)
FNDA:0,(anonymous_2)
FNDA:0,(anonymous_3)
FNDA:0,(anonymous_4)
DA:20,0
DA:21,0
DA:22,0
DA:49,0
DA:51,0
DA:52,0
DA:54,0
DA:56,0
DA:58,0
DA:62,0
DA:66,0
DA:79,0
DA:104,0
LF:13
LH:0
BRDA:52,0,0,0
BRDA:52,0,1,0
BRDA:52,0,2,0
BRDA:72,1,0,0
BRDA:72,1,1,0
BRDA:83,2,0,0
BRDA:83,2,1,0
BRF:7
BRH:0
end_of_record
TN:
SF:src\screens\OnboardingScreen.tsx
FN:8,(anonymous_0)
FN:52,(anonymous_1)
FN:62,(anonymous_2)
FN:70,(anonymous_3)
FN:74,(anonymous_4)
FN:95,(anonymous_5)
FN:123,(anonymous_6)
FN:151,(anonymous_7)
FN:156,(anonymous_8)
FNF:9
FNH:9
FNDA:22,(anonymous_0)
FNDA:10,(anonymous_1)
FNDA:1,(anonymous_2)
FNDA:1,(anonymous_3)
FNDA:44,(anonymous_4)
FNDA:66,(anonymous_5)
FNDA:66,(anonymous_6)
FNDA:44,(anonymous_7)
FNDA:44,(anonymous_8)
DA:8,1
DA:9,22
DA:10,22
DA:11,22
DA:12,22
DA:14,22
DA:52,22
DA:53,10
DA:54,9
DA:55,9
DA:56,9
DA:58,1
DA:62,22
DA:63,1
DA:64,1
DA:65,1
DA:66,1
DA:70,22
DA:71,1
DA:74,22
DA:75,44
DA:76,22
DA:91,22
DA:96,66
DA:124,66
DA:142,22
DA:151,44
DA:157,44
DA:194,1
LF:29
LH:29
BRDA:53,0,0,9
BRDA:53,0,1,1
BRDA:63,1,0,1
BRDA:63,1,1,0
BRDA:75,2,0,22
BRDA:75,2,1,22
BRDA:100,3,0,66
BRDA:100,3,1,22
BRDA:109,4,0,66
BRDA:109,4,1,0
BRDA:161,5,0,44
BRDA:161,5,1,22
BRDA:167,6,0,13
BRDA:167,6,1,9
BRDA:183,7,0,9
BRDA:183,7,1,13
BRF:16
BRH:14
end_of_record
TN:
SF:src\screens\SplashScreen.tsx
FN:6,(anonymous_0)
FN:12,(anonymous_1)
FN:37,(anonymous_2)
FN:41,(anonymous_3)
FNF:4
FNH:0
FNDA:0,(anonymous_0)
FNDA:0,(anonymous_1)
FNDA:0,(anonymous_2)
FNDA:0,(anonymous_3)
DA:6,0
DA:7,0
DA:8,0
DA:9,0
DA:10,0
DA:12,0
DA:14,0
DA:29,0
DA:37,0
DA:38,0
DA:41,0
DA:44,0
DA:89,0
LF:13
LH:0
BRF:0
BRH:0
end_of_record
TN:
SF:src\screens\doctor\AboutScreen.tsx
FN:16,(anonymous_0)
FN:31,(anonymous_1)
FNF:2
FNH:0
FNDA:0,(anonymous_0)
FNDA:0,(anonymous_1)
DA:16,0
DA:17,0
DA:18,0
DA:20,0
DA:27,0
DA:31,0
DA:116,0
LF:7
LH:0
BRF:0
BRH:0
end_of_record
TN:
SF:src\screens\doctor\DetailAppointmentScreen.tsx
FN:16,(anonymous_0)
FN:29,(anonymous_1)
FN:57,(anonymous_2)
FN:107,(anonymous_3)
FN:128,(anonymous_4)
FN:162,(anonymous_5)
FNF:6
FNH:0
FNDA:0,(anonymous_0)
FNDA:0,(anonymous_1)
FNDA:0,(anonymous_2)
FNDA:0,(anonymous_3)
FNDA:0,(anonymous_4)
FNDA:0,(anonymous_5)
DA:16,0
DA:17,0
DA:18,0
DA:19,0
DA:20,0
DA:21,0
DA:23,0
DA:25,0
DA:29,0
DA:57,0
DA:107,0
DA:128,0
DA:164,0
DA:172,0
LF:14
LH:0
BRDA:23,0,0,0
BRDA:23,0,1,0
BRDA:105,1,0,0
BRDA:105,1,1,0
BRDA:110,2,0,0
BRDA:110,2,1,0
BRDA:117,3,0,0
BRDA:117,3,1,0
BRDA:126,4,0,0
BRDA:126,4,1,0
BRDA:131,5,0,0
BRDA:131,5,1,0
BRDA:138,6,0,0
BRDA:138,6,1,0
BRDA:148,7,0,0
BRDA:148,7,1,0
BRF:16
BRH:0
end_of_record
TN:
SF:src\screens\doctor\DoctorAppointmentDetailScreen.tsx
FN:18,(anonymous_0)
FN:38,(anonymous_1)
FN:42,(anonymous_2)
FN:46,(anonymous_3)
FN:51,(anonymous_4)
FN:55,(anonymous_5)
FN:60,(anonymous_6)
FN:64,(anonymous_7)
FN:69,(anonymous_8)
FN:80,(anonymous_9)
FN:91,(anonymous_10)
FN:105,(anonymous_11)
FN:136,(anonymous_12)
FN:248,(anonymous_13)
FNF:14
FNH:0
FNDA:0,(anonymous_0)
FNDA:0,(anonymous_1)
FNDA:0,(anonymous_2)
FNDA:0,(anonymous_3)
FNDA:0,(anonymous_4)
FNDA:0,(anonymous_5)
FNDA:0,(anonymous_6)
FNDA:0,(anonymous_7)
FNDA:0,(anonymous_8)
FNDA:0,(anonymous_9)
FNDA:0,(anonymous_10)
FNDA:0,(anonymous_11)
FNDA:0,(anonymous_12)
FNDA:0,(anonymous_13)
DA:18,0
DA:19,0
DA:20,0
DA:21,0
DA:22,0
DA:24,0
DA:25,0
DA:26,0
DA:27,0
DA:28,0
DA:29,0
DA:30,0
DA:31,0
DA:33,0
DA:34,0
DA:35,0
DA:36,0
DA:38,0
DA:39,0
DA:42,0
DA:43,0
DA:44,0
DA:46,0
DA:47,0
DA:51,0
DA:52,0
DA:55,0
DA:56,0
DA:57,0
DA:60,0
DA:61,0
DA:62,0
DA:64,0
DA:65,0
DA:69,0
DA:70,0
DA:72,0
DA:74,0
DA:76,0
DA:80,0
DA:81,0
DA:83,0
DA:85,0
DA:87,0
DA:91,0
DA:92,0
DA:98,0
DA:101,0
DA:105,0
DA:137,0
DA:248,0
DA:260,0
LF:52
LH:0
BRDA:25,0,0,0
BRDA:25,0,1,0
BRDA:26,1,0,0
BRDA:26,1,1,0
BRDA:27,2,0,0
BRDA:27,2,1,0
BRDA:28,3,0,0
BRDA:28,3,1,0
BRDA:29,4,0,0
BRDA:29,4,1,0
BRDA:30,5,0,0
BRDA:30,5,1,0
BRDA:31,6,0,0
BRDA:31,6,1,0
BRDA:70,7,0,0
BRDA:70,7,1,0
BRDA:70,7,2,0
BRDA:81,8,0,0
BRDA:81,8,1,0
BRDA:81,8,2,0
BRDA:98,9,0,0
BRDA:98,9,1,0
BRDA:134,10,0,0
BRDA:134,10,1,0
BRDA:189,11,0,0
BRDA:189,11,1,0
BRDA:197,12,0,0
BRDA:197,12,1,0
BRDA:203,13,0,0
BRDA:203,13,1,0
BRDA:203,13,2,0
BRDA:220,14,0,0
BRDA:220,14,1,0
BRF:33
BRH:0
end_of_record
TN:
SF:src\screens\doctor\DoctorAppointmentHistoryScreen.tsx
FN:25,(anonymous_0)
FN:86,(anonymous_1)
FN:91,(anonymous_2)
FN:96,(anonymous_3)
FN:109,(anonymous_4)
FN:126,(anonymous_5)
FN:142,(anonymous_6)
FN:150,(anonymous_7)
FN:158,(anonymous_8)
FN:166,(anonymous_9)
FN:177,(anonymous_10)
FN:181,(anonymous_11)
FNF:12
FNH:0
FNDA:0,(anonymous_0)
FNDA:0,(anonymous_1)
FNDA:0,(anonymous_2)
FNDA:0,(anonymous_3)
FNDA:0,(anonymous_4)
FNDA:0,(anonymous_5)
FNDA:0,(anonymous_6)
FNDA:0,(anonymous_7)
FNDA:0,(anonymous_8)
FNDA:0,(anonymous_9)
FNDA:0,(anonymous_10)
FNDA:0,(anonymous_11)
DA:25,0
DA:26,0
DA:27,0
DA:28,0
DA:30,0
DA:38,0
DA:86,0
DA:87,0
DA:88,0
DA:91,0
DA:92,0
DA:93,0
DA:96,0
DA:97,0
DA:99,0
DA:101,0
DA:103,0
DA:105,0
DA:109,0
DA:110,0
DA:112,0
DA:114,0
DA:116,0
DA:118,0
DA:122,0
DA:126,0
DA:142,0
DA:150,0
DA:158,0
DA:166,0
DA:178,0
DA:241,0
LF:32
LH:0
BRDA:87,0,0,0
BRDA:87,0,1,0
BRDA:97,1,0,0
BRDA:97,1,1,0
BRDA:97,1,2,0
BRDA:97,1,3,0
BRDA:110,2,0,0
BRDA:110,2,1,0
BRDA:110,2,2,0
BRDA:110,2,3,0
BRDA:141,3,0,0
BRDA:141,3,1,0
BRDA:144,4,0,0
BRDA:144,4,1,0
BRDA:149,5,0,0
BRDA:149,5,1,0
BRDA:152,6,0,0
BRDA:152,6,1,0
BRDA:157,7,0,0
BRDA:157,7,1,0
BRDA:160,8,0,0
BRDA:160,8,1,0
BRDA:165,9,0,0
BRDA:165,9,1,0
BRDA:168,10,0,0
BRDA:168,10,1,0
BRDA:176,11,0,0
BRDA:176,11,1,0
BRDA:211,12,0,0
BRDA:211,12,1,0
BRDA:216,13,0,0
BRDA:216,13,1,0
BRF:32
BRH:0
end_of_record
TN:
SF:src\screens\doctor\DoctorCalendarScreen.tsx
FN:30,(anonymous_0)
FN:84,(anonymous_1)
FN:102,(anonymous_2)
FN:110,(anonymous_3)
FN:117,(anonymous_4)
FN:124,(anonymous_5)
FN:125,(anonymous_6)
FN:133,(anonymous_7)
FN:134,(anonymous_8)
FN:142,(anonymous_9)
FN:154,(anonymous_10)
FN:156,(anonymous_11)
FN:159,(anonymous_12)
FN:169,(anonymous_13)
FN:206,(anonymous_14)
FN:221,(anonymous_15)
FN:225,(anonymous_16)
FN:232,(anonymous_17)
FN:241,(anonymous_18)
FN:257,(anonymous_19)
FN:288,(anonymous_20)
FN:295,(anonymous_21)
FN:326,(anonymous_22)
FNF:23
FNH:0
FNDA:0,(anonymous_0)
FNDA:0,(anonymous_1)
FNDA:0,(anonymous_2)
FNDA:0,(anonymous_3)
FNDA:0,(anonymous_4)
FNDA:0,(anonymous_5)
FNDA:0,(anonymous_6)
FNDA:0,(anonymous_7)
FNDA:0,(anonymous_8)
FNDA:0,(anonymous_9)
FNDA:0,(anonymous_10)
FNDA:0,(anonymous_11)
FNDA:0,(anonymous_12)
FNDA:0,(anonymous_13)
FNDA:0,(anonymous_14)
FNDA:0,(anonymous_15)
FNDA:0,(anonymous_16)
FNDA:0,(anonymous_17)
FNDA:0,(anonymous_18)
FNDA:0,(anonymous_19)
FNDA:0,(anonymous_20)
FNDA:0,(anonymous_21)
FNDA:0,(anonymous_22)
DA:18,0
DA:30,0
DA:31,0
DA:32,0
DA:33,0
DA:34,0
DA:35,0
DA:37,0
DA:45,0
DA:84,0
DA:85,0
DA:86,0
DA:87,0
DA:88,0
DA:89,0
DA:90,0
DA:92,0
DA:93,0
DA:94,0
DA:96,0
DA:97,0
DA:99,0
DA:102,0
DA:103,0
DA:107,0
DA:110,0
DA:111,0
DA:112,0
DA:117,0
DA:118,0
DA:119,0
DA:124,0
DA:125,0
DA:126,0
DA:127,0
DA:133,0
DA:134,0
DA:135,0
DA:136,0
DA:142,0
DA:143,0
DA:144,0
DA:145,0
DA:147,0
DA:149,0
DA:152,0
DA:153,0
DA:154,0
DA:155,0
DA:156,0
DA:159,0
DA:160,0
DA:166,0
DA:169,0
DA:170,0
DA:171,0
DA:174,0
DA:206,0
DA:221,0
DA:225,0
DA:233,0
DA:242,0
DA:243,0
DA:245,0
DA:246,0
DA:247,0
DA:249,0
DA:257,0
DA:289,0
DA:295,0
DA:327,0
DA:360,0
LF:72
LH:0
BRDA:112,0,0,0
BRDA:112,0,1,0
BRDA:112,0,2,0
BRDA:118,1,0,0
BRDA:118,1,1,0
BRDA:119,2,0,0
BRDA:119,2,1,0
BRDA:119,2,2,0
BRDA:127,3,0,0
BRDA:127,3,1,0
BRDA:127,3,2,0
BRDA:136,4,0,0
BRDA:136,4,1,0
BRDA:136,4,2,0
BRDA:144,5,0,0
BRDA:144,5,1,0
BRDA:155,6,0,0
BRDA:155,6,1,0
BRDA:166,7,0,0
BRDA:166,7,1,0
BRDA:205,8,0,0
BRDA:205,8,1,0
BRDA:242,9,0,0
BRDA:242,9,1,0
BRDA:254,10,0,0
BRDA:254,10,1,0
BRDA:255,11,0,0
BRDA:255,11,1,0
BRDA:262,12,0,0
BRDA:262,12,1,0
BRDA:263,13,0,0
BRDA:263,13,1,0
BRDA:263,13,2,0
BRDA:268,14,0,0
BRDA:268,14,1,0
BRDA:268,14,2,0
BRDA:287,15,0,0
BRDA:287,15,1,0
BRDA:301,16,0,0
BRDA:301,16,1,0
BRDA:309,17,0,0
BRDA:309,17,1,0
BRDA:318,18,0,0
BRDA:318,18,1,0
BRDA:322,19,0,0
BRDA:322,19,1,0
BRF:46
BRH:0
end_of_record
TN:
SF:src\screens\doctor\DoctorChatListScreen.tsx
FN:26,(anonymous_0)
FN:39,(anonymous_1)
FN:41,(anonymous_2)
FN:52,(anonymous_3)
FN:71,(anonymous_4)
FN:89,(anonymous_5)
FN:98,(anonymous_6)
FN:101,(anonymous_7)
FN:115,(anonymous_8)
FN:119,(anonymous_9)
FN:129,(anonymous_10)
FN:160,(anonymous_11)
FN:195,(anonymous_12)
FN:199,(anonymous_13)
FNF:14
FNH:0
FNDA:0,(anonymous_0)
FNDA:0,(anonymous_1)
FNDA:0,(anonymous_2)
FNDA:0,(anonymous_3)
FNDA:0,(anonymous_4)
FNDA:0,(anonymous_5)
FNDA:0,(anonymous_6)
FNDA:0,(anonymous_7)
FNDA:0,(anonymous_8)
FNDA:0,(anonymous_9)
FNDA:0,(anonymous_10)
FNDA:0,(anonymous_11)
FNDA:0,(anonymous_12)
FNDA:0,(anonymous_13)
DA:26,0
DA:27,0
DA:28,0
DA:29,0
DA:30,0
DA:32,0
DA:39,0
DA:41,0
DA:42,0
DA:43,0
DA:44,0
DA:46,0
DA:47,0
DA:48,0
DA:49,0
DA:51,0
DA:52,0
DA:53,0
DA:55,0
DA:56,0
DA:57,0
DA:58,0
DA:59,0
DA:60,0
DA:62,0
DA:64,0
DA:71,0
DA:72,0
DA:73,0
DA:75,0
DA:85,0
DA:89,0
DA:90,0
DA:92,0
DA:96,0
DA:97,0
DA:98,0
DA:101,0
DA:102,0
DA:103,0
DA:104,0
DA:105,0
DA:106,0
DA:108,0
DA:109,0
DA:110,0
DA:111,0
DA:112,0
DA:115,0
DA:116,0
DA:119,0
DA:120,0
DA:129,0
DA:130,0
DA:139,0
DA:160,0
DA:196,0
DA:199,0
DA:261,0
LF:59
LH:0
BRDA:51,0,0,0
BRDA:51,0,1,0
BRDA:55,1,0,0
BRDA:55,1,1,0
BRDA:57,2,0,0
BRDA:57,2,1,0
BRDA:59,3,0,0
BRDA:59,3,1,0
BRDA:77,4,0,0
BRDA:77,4,1,0
BRDA:108,5,0,0
BRDA:108,5,1,0
BRDA:109,6,0,0
BRDA:109,6,1,0
BRDA:110,7,0,0
BRDA:110,7,1,0
BRDA:111,8,0,0
BRDA:111,8,1,0
BRDA:159,9,0,0
BRDA:159,9,1,0
BRDA:192,10,0,0
BRDA:192,10,1,0
BRDA:203,11,0,0
BRDA:203,11,1,0
BRDA:212,12,0,0
BRDA:212,12,1,0
BRDA:215,13,0,0
BRDA:215,13,1,0
BRDA:233,14,0,0
BRDA:233,14,1,0
BRF:30
BRH:0
end_of_record
TN:
SF:src\screens\doctor\DoctorChatScreen.tsx
FN:18,(anonymous_0)
FN:40,(anonymous_1)
FN:42,(anonymous_2)
FN:46,(anonymous_3)
FN:70,(anonymous_4)
FN:80,(anonymous_5)
FN:83,(anonymous_6)
FN:98,(anonymous_7)
FN:108,(anonymous_8)
FN:167,(anonymous_9)
FN:188,(anonymous_10)
FN:203,(anonymous_11)
FNF:12
FNH:0
FNDA:0,(anonymous_0)
FNDA:0,(anonymous_1)
FNDA:0,(anonymous_2)
FNDA:0,(anonymous_3)
FNDA:0,(anonymous_4)
FNDA:0,(anonymous_5)
FNDA:0,(anonymous_6)
FNDA:0,(anonymous_7)
FNDA:0,(anonymous_8)
FNDA:0,(anonymous_9)
FNDA:0,(anonymous_10)
FNDA:0,(anonymous_11)
DA:18,0
DA:19,0
DA:20,0
DA:21,0
DA:23,0
DA:24,0
DA:25,0
DA:28,0
DA:29,0
DA:30,0
DA:31,0
DA:34,0
DA:40,0
DA:42,0
DA:43,0
DA:44,0
DA:45,0
DA:46,0
DA:47,0
DA:49,0
DA:50,0
DA:51,0
DA:52,0
DA:53,0
DA:54,0
DA:56,0
DA:58,0
DA:70,0
DA:71,0
DA:73,0
DA:77,0
DA:79,0
DA:80,0
DA:83,0
DA:84,0
DA:86,0
DA:87,0
DA:88,0
DA:98,0
DA:100,0
DA:104,0
DA:108,0
DA:168,0
DA:189,0
DA:205,0
DA:206,0
DA:207,0
DA:214,0
DA:221,0
DA:237,0
LF:50
LH:0
BRDA:24,0,0,0
BRDA:24,0,1,0
BRDA:25,1,0,0
BRDA:25,1,1,0
BRDA:29,2,0,0
BRDA:29,2,1,0
BRDA:30,3,0,0
BRDA:30,3,1,0
BRDA:31,4,0,0
BRDA:31,4,1,0
BRDA:49,5,0,0
BRDA:49,5,1,0
BRDA:51,6,0,0
BRDA:51,6,1,0
BRDA:53,7,0,0
BRDA:53,7,1,0
BRDA:83,8,0,0
BRDA:84,9,0,0
BRDA:84,9,1,0
BRDA:114,10,0,0
BRDA:114,10,1,0
BRDA:129,11,0,0
BRDA:129,11,1,0
BRDA:147,12,0,0
BRDA:147,12,1,0
BRDA:159,13,0,0
BRDA:159,13,1,0
BRDA:171,14,0,0
BRDA:171,14,1,0
BRDA:179,15,0,0
BRDA:179,15,1,0
BRDA:205,16,0,0
BRDA:205,16,1,0
BRDA:206,17,0,0
BRDA:206,17,1,0
BRF:35
BRH:0
end_of_record
TN:
SF:src\screens\doctor\DoctorDashboard.tsx
FN:17,(anonymous_0)
FN:22,(anonymous_1)
FN:89,(anonymous_2)
FN:98,(anonymous_3)
FN:108,(anonymous_4)
FN:119,(anonymous_5)
FN:128,(anonymous_6)
FN:137,(anonymous_7)
FN:146,(anonymous_8)
FN:159,(anonymous_9)
FN:185,(anonymous_10)
FN:189,(anonymous_11)
FN:193,(anonymous_12)
FN:230,(anonymous_13)
FN:234,(anonymous_14)
FN:243,(anonymous_15)
FNF:16
FNH:0
FNDA:0,(anonymous_0)
FNDA:0,(anonymous_1)
FNDA:0,(anonymous_2)
FNDA:0,(anonymous_3)
FNDA:0,(anonymous_4)
FNDA:0,(anonymous_5)
FNDA:0,(anonymous_6)
FNDA:0,(anonymous_7)
FNDA:0,(anonymous_8)
FNDA:0,(anonymous_9)
FNDA:0,(anonymous_10)
FNDA:0,(anonymous_11)
FNDA:0,(anonymous_12)
FNDA:0,(anonymous_13)
FNDA:0,(anonymous_14)
FNDA:0,(anonymous_15)
DA:17,0
DA:18,0
DA:19,0
DA:20,0
DA:22,0
DA:23,0
DA:24,0
DA:25,0
DA:26,0
DA:29,0
DA:37,0
DA:58,0
DA:73,0
DA:89,0
DA:98,0
DA:109,0
DA:119,0
DA:128,0
DA:137,0
DA:146,0
DA:159,0
DA:185,0
DA:190,0
DA:193,0
DA:230,0
DA:235,0
DA:244,0
DA:269,0
LF:28
LH:0
BRDA:24,0,0,0
BRDA:24,0,1,0
BRDA:25,1,0,0
BRDA:25,1,1,0
BRDA:199,2,0,0
BRDA:199,2,1,0
BRF:6
BRH:0
end_of_record
TN:
SF:src\screens\doctor\DoctorProfileScreen.tsx
FN:15,(anonymous_0)
FN:31,(anonymous_1)
FN:37,(anonymous_2)
FN:43,(anonymous_3)
FN:49,(anonymous_4)
FN:55,(anonymous_5)
FN:61,(anonymous_6)
FN:69,(anonymous_7)
FN:110,(anonymous_8)
FNF:9
FNH:0
FNDA:0,(anonymous_0)
FNDA:0,(anonymous_1)
FNDA:0,(anonymous_2)
FNDA:0,(anonymous_3)
FNDA:0,(anonymous_4)
FNDA:0,(anonymous_5)
FNDA:0,(anonymous_6)
FNDA:0,(anonymous_7)
FNDA:0,(anonymous_8)
DA:15,0
DA:16,0
DA:17,0
DA:19,0
DA:26,0
DA:31,0
DA:37,0
DA:43,0
DA:49,0
DA:55,0
DA:61,0
DA:66,0
DA:69,0
DA:111,0
DA:149,0
LF:15
LH:0
BRDA:121,0,0,0
BRDA:121,0,1,0
BRDA:126,1,0,0
BRDA:126,1,1,0
BRF:4
BRH:0
end_of_record
TN:
SF:src\screens\doctor\EditProfileScreen.tsx
FN:17,(anonymous_0)
FN:33,(anonymous_1)
FN:42,(anonymous_2)
FNF:3
FNH:0
FNDA:0,(anonymous_0)
FNDA:0,(anonymous_1)
FNDA:0,(anonymous_2)
DA:17,0
DA:18,0
DA:19,0
DA:20,0
DA:21,0
DA:22,0
DA:23,0
DA:24,0
DA:26,0
DA:33,0
DA:35,0
DA:38,0
DA:42,0
DA:144,0
LF:14
LH:0
BRF:0
BRH:0
end_of_record
TN:
SF:src\screens\doctor\ExpertDashboard.tsx
FN:22,(anonymous_0)
FN:50,(anonymous_1)
FN:54,(anonymous_2)
FN:99,(anonymous_3)
FN:103,(anonymous_4)
FNF:5
FNH:0
FNDA:0,(anonymous_0)
FNDA:0,(anonymous_1)
FNDA:0,(anonymous_2)
FNDA:0,(anonymous_3)
FNDA:0,(anonymous_4)
DA:22,0
DA:23,0
DA:24,0
DA:26,0
DA:50,0
DA:51,0
DA:54,0
DA:55,0
DA:56,0
DA:64,0
DA:68,0
DA:100,0
DA:103,0
DA:143,0
LF:14
LH:0
BRDA:55,0,0,0
BRDA:55,0,1,0
BRDA:108,1,0,0
BRDA:108,1,1,0
BRDA:116,2,0,0
BRDA:116,2,1,0
BRDA:121,3,0,0
BRDA:121,3,1,0
BRF:8
BRH:0
end_of_record
TN:
SF:src\screens\doctor\HelpSupportScreen.tsx
FN:15,(anonymous_0)
FN:58,(anonymous_1)
FN:92,(anonymous_2)
FNF:3
FNH:0
FNDA:0,(anonymous_0)
FNDA:0,(anonymous_1)
FNDA:0,(anonymous_2)
DA:15,0
DA:16,0
DA:17,0
DA:19,0
DA:26,0
DA:54,0
DA:58,0
DA:93,0
DA:125,0
LF:9
LH:0
BRF:0
BRH:0
end_of_record
TN:
SF:src\screens\doctor\PatientStatsScreen.tsx
FN:25,(anonymous_0)
FN:95,(anonymous_1)
FN:101,(anonymous_2)
FN:102,(anonymous_3)
FN:103,(anonymous_4)
FN:105,(anonymous_5)
FN:110,(anonymous_6)
FN:120,(anonymous_7)
FN:128,(anonymous_8)
FN:168,(anonymous_9)
FN:176,(anonymous_10)
FN:184,(anonymous_11)
FN:197,(anonymous_12)
FN:201,(anonymous_13)
FN:221,(anonymous_14)
FNF:15
FNH:0
FNDA:0,(anonymous_0)
FNDA:0,(anonymous_1)
FNDA:0,(anonymous_2)
FNDA:0,(anonymous_3)
FNDA:0,(anonymous_4)
FNDA:0,(anonymous_5)
FNDA:0,(anonymous_6)
FNDA:0,(anonymous_7)
FNDA:0,(anonymous_8)
FNDA:0,(anonymous_9)
FNDA:0,(anonymous_10)
FNDA:0,(anonymous_11)
FNDA:0,(anonymous_12)
FNDA:0,(anonymous_13)
FNDA:0,(anonymous_14)
DA:25,0
DA:26,0
DA:27,0
DA:28,0
DA:30,0
DA:38,0
DA:95,0
DA:96,0
DA:97,0
DA:100,0
DA:101,0
DA:102,0
DA:103,0
DA:105,0
DA:106,0
DA:107,0
DA:110,0
DA:111,0
DA:117,0
DA:120,0
DA:121,0
DA:124,0
DA:128,0
DA:168,0
DA:176,0
DA:184,0
DA:198,0
DA:222,0
DA:254,0
LF:29
LH:0
BRDA:96,0,0,0
BRDA:96,0,1,0
BRDA:117,1,0,0
BRDA:117,1,1,0
BRDA:121,2,0,0
BRDA:121,2,1,0
BRDA:167,3,0,0
BRDA:167,3,1,0
BRDA:170,4,0,0
BRDA:170,4,1,0
BRDA:175,5,0,0
BRDA:175,5,1,0
BRDA:178,6,0,0
BRDA:178,6,1,0
BRDA:183,7,0,0
BRDA:183,7,1,0
BRDA:186,8,0,0
BRDA:186,8,1,0
BRDA:195,9,0,0
BRDA:195,9,1,0
BRDA:195,10,0,0
BRDA:195,10,1,0
BRDA:216,11,0,0
BRDA:216,11,1,0
BRF:24
BRH:0
end_of_record
TN:
SF:src\screens\doctor\RatingScreen.tsx
FN:23,(anonymous_0)
FN:80,(anonymous_1)
FN:83,(anonymous_2)
FN:92,(anonymous_3)
FN:109,(anonymous_4)
FN:120,(anonymous_5)
FN:131,(anonymous_6)
FNF:7
FNH:0
FNDA:0,(anonymous_0)
FNDA:0,(anonymous_1)
FNDA:0,(anonymous_2)
FNDA:0,(anonymous_3)
FNDA:0,(anonymous_4)
FNDA:0,(anonymous_5)
FNDA:0,(anonymous_6)
DA:23,0
DA:24,0
DA:25,0
DA:27,0
DA:35,0
DA:80,0
DA:81,0
DA:83,0
DA:84,0
DA:85,0
DA:88,0
DA:92,0
DA:110,0
DA:121,0
DA:132,0
DA:153,0
LF:16
LH:0
BRDA:134,0,0,0
BRDA:134,0,1,0
BRF:2
BRH:0
end_of_record
TN:
SF:src\screens\doctor\SettingsScreen.tsx
FN:16,(anonymous_0)
FN:35,(anonymous_1)
FNF:2
FNH:0
FNDA:0,(anonymous_0)
FNDA:0,(anonymous_1)
DA:16,0
DA:17,0
DA:18,0
DA:19,0
DA:20,0
DA:21,0
DA:22,0
DA:24,0
DA:31,0
DA:35,0
DA:155,0
LF:11
LH:0
BRDA:59,0,0,0
BRDA:59,0,1,0
BRDA:71,1,0,0
BRDA:71,1,1,0
BRDA:88,2,0,0
BRDA:88,2,1,0
BRDA:105,3,0,0
BRDA:105,3,1,0
BRF:8
BRH:0
end_of_record
TN:
SF:src\screens\user\AboutScreen.tsx
FN:16,(anonymous_0)
FN:31,(anonymous_1)
FNF:2
FNH:0
FNDA:0,(anonymous_0)
FNDA:0,(anonymous_1)
DA:16,0
DA:17,0
DA:18,0
DA:20,0
DA:27,0
DA:31,0
DA:116,0
LF:7
LH:0
BRF:0
BRH:0
end_of_record
TN:
SF:src\screens\user\AllDoctorsScreen.tsx
FN:15,(anonymous_0)
FN:20,(anonymous_1)
FN:28,(anonymous_2)
FN:45,(anonymous_3)
FN:57,(anonymous_4)
FN:61,(anonymous_5)
FN:78,(anonymous_6)
FN:84,(anonymous_7)
FNF:8
FNH:0
FNDA:0,(anonymous_0)
FNDA:0,(anonymous_1)
FNDA:0,(anonymous_2)
FNDA:0,(anonymous_3)
FNDA:0,(anonymous_4)
FNDA:0,(anonymous_5)
FNDA:0,(anonymous_6)
FNDA:0,(anonymous_7)
DA:15,0
DA:16,0
DA:17,0
DA:19,0
DA:21,0
DA:25,0
DA:28,0
DA:45,0
DA:58,0
DA:61,0
DA:78,0
DA:84,0
DA:108,0
LF:13
LH:0
BRDA:21,0,0,0
BRDA:21,0,1,0
BRDA:44,1,0,0
BRDA:44,1,1,0
BRDA:54,2,0,0
BRDA:54,2,1,0
BRDA:93,3,0,0
BRDA:93,3,1,0
BRF:8
BRH:0
end_of_record
TN:
SF:src\screens\user\AppointmentDetailScreen.tsx
FN:18,(anonymous_0)
FN:24,(anonymous_1)
FN:25,(anonymous_2)
FN:34,(anonymous_3)
FN:49,(anonymous_4)
FN:64,(anonymous_5)
FN:69,(anonymous_6)
FN:73,(anonymous_7)
FN:82,(anonymous_8)
FNF:9
FNH:0
FNDA:0,(anonymous_0)
FNDA:0,(anonymous_1)
FNDA:0,(anonymous_2)
FNDA:0,(anonymous_3)
FNDA:0,(anonymous_4)
FNDA:0,(anonymous_5)
FNDA:0,(anonymous_6)
FNDA:0,(anonymous_7)
FNDA:0,(anonymous_8)
DA:18,0
DA:19,0
DA:20,0
DA:21,0
DA:22,0
DA:24,0
DA:25,0
DA:27,0
DA:34,0
DA:35,0
DA:37,0
DA:39,0
DA:41,0
DA:43,0
DA:45,0
DA:49,0
DA:50,0
DA:52,0
DA:54,0
DA:56,0
DA:58,0
DA:60,0
DA:64,0
DA:66,0
DA:69,0
DA:70,0
DA:73,0
DA:75,0
DA:78,0
DA:82,0
DA:245,0
LF:31
LH:0
BRDA:24,0,0,0
BRDA:24,0,1,0
BRDA:25,1,0,0
BRDA:25,1,1,0
BRDA:35,2,0,0
BRDA:35,2,1,0
BRDA:35,2,2,0
BRDA:35,2,3,0
BRDA:35,2,4,0
BRDA:50,3,0,0
BRDA:50,3,1,0
BRDA:50,3,2,0
BRDA:50,3,3,0
BRDA:50,3,4,0
BRDA:107,4,0,0
BRDA:107,4,1,0
BRDA:170,5,0,0
BRDA:170,5,1,0
BRDA:178,6,0,0
BRDA:178,6,1,0
BRDA:184,7,0,0
BRDA:184,7,1,0
BRDA:184,7,2,0
BRDA:210,8,0,0
BRDA:210,8,1,0
BRDA:212,9,0,0
BRDA:212,9,1,0
BRF:27
BRH:0
end_of_record
TN:
SF:src\screens\user\AppointmentHistoryScreen.tsx
FN:13,(anonymous_0)
FN:44,(anonymous_1)
FN:50,(anonymous_2)
FN:66,(anonymous_3)
FN:75,(anonymous_4)
FN:82,(anonymous_5)
FN:98,(anonymous_6)
FN:102,(anonymous_7)
FNF:8
FNH:0
FNDA:0,(anonymous_0)
FNDA:0,(anonymous_1)
FNDA:0,(anonymous_2)
FNDA:0,(anonymous_3)
FNDA:0,(anonymous_4)
FNDA:0,(anonymous_5)
FNDA:0,(anonymous_6)
FNDA:0,(anonymous_7)
DA:13,0
DA:14,0
DA:15,0
DA:17,0
DA:44,0
DA:45,0
DA:46,0
DA:47,0
DA:50,0
DA:51,0
DA:53,0
DA:55,0
DA:57,0
DA:59,0
DA:63,0
DA:66,0
DA:76,0
DA:82,0
DA:99,0
DA:102,0
DA:150,0
LF:21
LH:0
BRDA:45,0,0,0
BRDA:45,0,1,0
BRDA:46,1,0,0
BRDA:46,1,1,0
BRDA:51,2,0,0
BRDA:51,2,1,0
BRDA:51,2,2,0
BRDA:51,2,3,0
BRDA:80,3,0,0
BRDA:80,3,1,0
BRDA:87,4,0,0
BRDA:87,4,1,0
BRDA:116,5,0,0
BRDA:116,5,1,0
BRDA:121,6,0,0
BRDA:121,6,1,0
BRF:16
BRH:0
end_of_record
TN:
SF:src\screens\user\AppointmentScreen.tsx
FN:19,(anonymous_0)
FN:29,(anonymous_1)
FN:56,(anonymous_2)
FN:68,(anonymous_3)
FN:74,(anonymous_4)
FN:86,(anonymous_5)
FN:93,(anonymous_6)
FN:113,(anonymous_7)
FN:135,(anonymous_8)
FN:142,(anonymous_9)
FN:166,(anonymous_10)
FN:187,(anonymous_11)
FNF:12
FNH:0
FNDA:0,(anonymous_0)
FNDA:0,(anonymous_1)
FNDA:0,(anonymous_2)
FNDA:0,(anonymous_3)
FNDA:0,(anonymous_4)
FNDA:0,(anonymous_5)
FNDA:0,(anonymous_6)
FNDA:0,(anonymous_7)
FNDA:0,(anonymous_8)
FNDA:0,(anonymous_9)
FNDA:0,(anonymous_10)
FNDA:0,(anonymous_11)
DA:19,0
DA:20,0
DA:21,0
DA:22,0
DA:23,0
DA:24,0
DA:25,0
DA:27,0
DA:29,0
DA:30,0
DA:31,0
DA:32,0
DA:35,0
DA:36,0
DA:37,0
DA:48,0
DA:50,0
DA:56,0
DA:61,0
DA:62,0
DA:64,0
DA:68,0
DA:70,0
DA:74,0
DA:87,0
DA:93,0
DA:113,0
DA:136,0
DA:142,0
DA:166,0
DA:187,0
DA:253,0
LF:32
LH:0
BRDA:30,0,0,0
BRDA:30,0,1,0
BRDA:30,1,0,0
BRDA:30,1,1,0
BRDA:30,1,2,0
BRDA:43,2,0,0
BRDA:43,2,1,0
BRDA:91,3,0,0
BRDA:91,3,1,0
BRDA:140,4,0,0
BRDA:140,4,1,0
BRDA:147,5,0,0
BRDA:147,5,1,0
BRDA:164,6,0,0
BRDA:164,6,1,0
BRDA:169,7,0,0
BRDA:169,7,1,0
BRDA:176,8,0,0
BRDA:176,8,1,0
BRDA:185,9,0,0
BRDA:185,9,1,0
BRDA:190,10,0,0
BRDA:190,10,1,0
BRDA:197,11,0,0
BRDA:197,11,1,0
BRDA:204,12,0,0
BRDA:204,12,1,0
BRDA:213,13,0,0
BRDA:213,13,1,0
BRDA:213,13,2,0
BRDA:213,13,3,0
BRDA:233,14,0,0
BRDA:233,14,1,0
BRDA:245,15,0,0
BRDA:245,15,1,0
BRDA:245,15,2,0
BRF:36
BRH:0
end_of_record
TN:
SF:src\screens\user\CalendarScreen.tsx
FN:20,(anonymous_0)
FN:33,(anonymous_1)
FN:53,(anonymous_2)
FN:61,(anonymous_3)
FN:68,(anonymous_4)
FN:75,(anonymous_5)
FN:77,(anonymous_6)
FN:85,(anonymous_7)
FN:86,(anonymous_8)
FN:94,(anonymous_9)
FN:135,(anonymous_10)
FN:139,(anonymous_11)
FN:146,(anonymous_12)
FN:155,(anonymous_13)
FN:171,(anonymous_14)
FN:202,(anonymous_15)
FN:206,(anonymous_16)
FN:244,(anonymous_17)
FN:258,(anonymous_18)
FNF:19
FNH:0
FNDA:0,(anonymous_0)
FNDA:0,(anonymous_1)
FNDA:0,(anonymous_2)
FNDA:0,(anonymous_3)
FNDA:0,(anonymous_4)
FNDA:0,(anonymous_5)
FNDA:0,(anonymous_6)
FNDA:0,(anonymous_7)
FNDA:0,(anonymous_8)
FNDA:0,(anonymous_9)
FNDA:0,(anonymous_10)
FNDA:0,(anonymous_11)
FNDA:0,(anonymous_12)
FNDA:0,(anonymous_13)
FNDA:0,(anonymous_14)
FNDA:0,(anonymous_15)
FNDA:0,(anonymous_16)
FNDA:0,(anonymous_17)
FNDA:0,(anonymous_18)
DA:18,0
DA:20,0
DA:21,0
DA:22,0
DA:23,0
DA:24,0
DA:26,0
DA:33,0
DA:34,0
DA:35,0
DA:36,0
DA:37,0
DA:38,0
DA:39,0
DA:41,0
DA:43,0
DA:44,0
DA:47,0
DA:48,0
DA:50,0
DA:53,0
DA:54,0
DA:58,0
DA:61,0
DA:62,0
DA:63,0
DA:68,0
DA:69,0
DA:70,0
DA:75,0
DA:77,0
DA:78,0
DA:79,0
DA:85,0
DA:86,0
DA:87,0
DA:88,0
DA:94,0
DA:95,0
DA:96,0
DA:97,0
DA:99,0
DA:101,0
DA:104,0
DA:105,0
DA:107,0
DA:135,0
DA:139,0
DA:147,0
DA:156,0
DA:157,0
DA:159,0
DA:160,0
DA:161,0
DA:163,0
DA:171,0
DA:203,0
DA:206,0
DA:244,0
DA:258,0
DA:278,0
LF:61
LH:0
BRDA:63,0,0,0
BRDA:63,0,1,0
BRDA:63,0,2,0
BRDA:69,1,0,0
BRDA:69,1,1,0
BRDA:70,2,0,0
BRDA:70,2,1,0
BRDA:70,2,2,0
BRDA:79,3,0,0
BRDA:79,3,1,0
BRDA:79,3,2,0
BRDA:88,4,0,0
BRDA:88,4,1,0
BRDA:88,4,2,0
BRDA:96,5,0,0
BRDA:96,5,1,0
BRDA:156,6,0,0
BRDA:156,6,1,0
BRDA:168,7,0,0
BRDA:168,7,1,0
BRDA:169,8,0,0
BRDA:169,8,1,0
BRDA:176,9,0,0
BRDA:176,9,1,0
BRDA:177,10,0,0
BRDA:177,10,1,0
BRDA:177,10,2,0
BRDA:182,11,0,0
BRDA:182,11,1,0
BRDA:182,11,2,0
BRDA:201,12,0,0
BRDA:201,12,1,0
BRDA:215,13,0,0
BRDA:215,13,1,0
BRDA:220,14,0,0
BRDA:220,14,1,0
BRF:36
BRH:0
end_of_record
TN:
SF:src\screens\user\ChatListScreen.tsx
FN:30,(anonymous_0)
FN:43,(anonymous_1)
FN:45,(anonymous_2)
FN:59,(anonymous_3)
FN:78,(anonymous_4)
FN:89,(anonymous_5)
FN:114,(anonymous_6)
FN:124,(anonymous_7)
FN:127,(anonymous_8)
FN:141,(anonymous_9)
FN:146,(anonymous_10)
FN:159,(anonymous_11)
FN:190,(anonymous_12)
FN:223,(anonymous_13)
FN:227,(anonymous_14)
FNF:15
FNH:0
FNDA:0,(anonymous_0)
FNDA:0,(anonymous_1)
FNDA:0,(anonymous_2)
FNDA:0,(anonymous_3)
FNDA:0,(anonymous_4)
FNDA:0,(anonymous_5)
FNDA:0,(anonymous_6)
FNDA:0,(anonymous_7)
FNDA:0,(anonymous_8)
FNDA:0,(anonymous_9)
FNDA:0,(anonymous_10)
FNDA:0,(anonymous_11)
FNDA:0,(anonymous_12)
FNDA:0,(anonymous_13)
FNDA:0,(anonymous_14)
DA:30,0
DA:31,0
DA:32,0
DA:33,0
DA:34,0
DA:36,0
DA:43,0
DA:45,0
DA:46,0
DA:48,0
DA:49,0
DA:51,0
DA:52,0
DA:54,0
DA:55,0
DA:57,0
DA:59,0
DA:60,0
DA:62,0
DA:63,0
DA:64,0
DA:65,0
DA:66,0
DA:67,0
DA:69,0
DA:71,0
DA:78,0
DA:79,0
DA:82,0
DA:83,0
DA:84,0
DA:85,0
DA:87,0
DA:88,0
DA:89,0
DA:90,0
DA:91,0
DA:92,0
DA:93,0
DA:96,0
DA:109,0
DA:114,0
DA:115,0
DA:117,0
DA:121,0
DA:123,0
DA:124,0
DA:127,0
DA:128,0
DA:129,0
DA:130,0
DA:131,0
DA:132,0
DA:134,0
DA:135,0
DA:136,0
DA:137,0
DA:138,0
DA:141,0
DA:142,0
DA:146,0
DA:149,0
DA:150,0
DA:159,0
DA:160,0
DA:169,0
DA:190,0
DA:224,0
DA:227,0
DA:289,0
LF:70
LH:0
BRDA:57,0,0,0
BRDA:57,0,1,0
BRDA:62,1,0,0
BRDA:62,1,1,0
BRDA:64,2,0,0
BRDA:64,2,1,0
BRDA:66,3,0,0
BRDA:66,3,1,0
BRDA:87,4,0,0
BRDA:87,4,1,0
BRDA:89,5,0,0
BRDA:89,5,1,0
BRDA:101,6,0,0
BRDA:101,6,1,0
BRDA:134,7,0,0
BRDA:134,7,1,0
BRDA:135,8,0,0
BRDA:135,8,1,0
BRDA:136,9,0,0
BRDA:136,9,1,0
BRDA:137,10,0,0
BRDA:137,10,1,0
BRDA:142,11,0,0
BRDA:142,11,1,0
BRDA:162,12,0,0
BRDA:162,12,1,0
BRDA:189,13,0,0
BRDA:189,13,1,0
BRDA:220,14,0,0
BRDA:220,14,1,0
BRDA:231,15,0,0
BRDA:231,15,1,0
BRDA:240,16,0,0
BRDA:240,16,1,0
BRDA:243,17,0,0
BRDA:243,17,1,0
BRDA:261,18,0,0
BRDA:261,18,1,0
BRF:38
BRH:0
end_of_record
TN:
SF:src\screens\user\ChatScreen.tsx
FN:18,(anonymous_0)
FN:37,(anonymous_1)
FN:39,(anonymous_2)
FN:43,(anonymous_3)
FN:67,(anonymous_4)
FN:77,(anonymous_5)
FN:80,(anonymous_6)
FN:95,(anonymous_7)
FN:105,(anonymous_8)
FN:162,(anonymous_9)
FN:183,(anonymous_10)
FN:198,(anonymous_11)
FNF:12
FNH:0
FNDA:0,(anonymous_0)
FNDA:0,(anonymous_1)
FNDA:0,(anonymous_2)
FNDA:0,(anonymous_3)
FNDA:0,(anonymous_4)
FNDA:0,(anonymous_5)
FNDA:0,(anonymous_6)
FNDA:0,(anonymous_7)
FNDA:0,(anonymous_8)
FNDA:0,(anonymous_9)
FNDA:0,(anonymous_10)
FNDA:0,(anonymous_11)
DA:18,0
DA:19,0
DA:20,0
DA:21,0
DA:23,0
DA:24,0
DA:25,0
DA:26,0
DA:27,0
DA:28,0
DA:31,0
DA:37,0
DA:39,0
DA:40,0
DA:41,0
DA:42,0
DA:43,0
DA:44,0
DA:46,0
DA:47,0
DA:48,0
DA:49,0
DA:50,0
DA:51,0
DA:53,0
DA:55,0
DA:67,0
DA:68,0
DA:70,0
DA:74,0
DA:76,0
DA:77,0
DA:80,0
DA:81,0
DA:83,0
DA:84,0
DA:85,0
DA:95,0
DA:97,0
DA:101,0
DA:105,0
DA:163,0
DA:184,0
DA:199,0
DA:200,0
DA:202,0
DA:236,0
LF:47
LH:0
BRDA:24,0,0,0
BRDA:24,0,1,0
BRDA:26,1,0,0
BRDA:26,1,1,0
BRDA:32,2,0,0
BRDA:32,2,1,0
BRDA:33,3,0,0
BRDA:33,3,1,0
BRDA:34,4,0,0
BRDA:34,4,1,0
BRDA:46,5,0,0
BRDA:46,5,1,0
BRDA:48,6,0,0
BRDA:48,6,1,0
BRDA:50,7,0,0
BRDA:50,7,1,0
BRDA:80,8,0,0
BRDA:81,9,0,0
BRDA:81,9,1,0
BRDA:111,10,0,0
BRDA:111,10,1,0
BRDA:123,11,0,0
BRDA:123,11,1,0
BRDA:128,12,0,0
BRDA:128,12,1,0
BRDA:154,13,0,0
BRDA:154,13,1,0
BRDA:166,14,0,0
BRDA:166,14,1,0
BRDA:174,15,0,0
BRDA:174,15,1,0
BRDA:199,16,0,0
BRDA:199,16,1,0
BRDA:216,17,0,0
BRDA:216,17,1,0
BRF:35
BRH:0
end_of_record
TN:
SF:src\screens\user\DoctorDetailScreen.tsx
FN:32,(anonymous_0)
FN:38,(anonymous_1)
FN:86,(anonymous_2)
FN:110,(anonymous_3)
FN:121,(anonymous_4)
FN:129,(anonymous_5)
FN:136,(anonymous_6)
FN:147,(anonymous_7)
FN:152,(anonymous_8)
FN:198,(anonymous_9)
FN:207,(anonymous_10)
FN:216,(anonymous_11)
FN:241,(anonymous_12)
FN:248,(anonymous_13)
FN:262,(anonymous_14)
FN:283,(anonymous_15)
FN:290,(anonymous_16)
FN:317,(anonymous_17)
FN:326,(anonymous_18)
FN:352,(anonymous_19)
FN:372,(anonymous_20)
FNF:21
FNH:0
FNDA:0,(anonymous_0)
FNDA:0,(anonymous_1)
FNDA:0,(anonymous_2)
FNDA:0,(anonymous_3)
FNDA:0,(anonymous_4)
FNDA:0,(anonymous_5)
FNDA:0,(anonymous_6)
FNDA:0,(anonymous_7)
FNDA:0,(anonymous_8)
FNDA:0,(anonymous_9)
FNDA:0,(anonymous_10)
FNDA:0,(anonymous_11)
FNDA:0,(anonymous_12)
FNDA:0,(anonymous_13)
FNDA:0,(anonymous_14)
FNDA:0,(anonymous_15)
FNDA:0,(anonymous_16)
FNDA:0,(anonymous_17)
FNDA:0,(anonymous_18)
FNDA:0,(anonymous_19)
FNDA:0,(anonymous_20)
DA:18,0
DA:32,0
DA:33,0
DA:34,0
DA:35,0
DA:36,0
DA:38,0
DA:39,0
DA:40,0
DA:41,0
DA:42,0
DA:43,0
DA:46,0
DA:74,0
DA:86,0
DA:87,0
DA:88,0
DA:89,0
DA:90,0
DA:91,0
DA:92,0
DA:93,0
DA:95,0
DA:97,0
DA:98,0
DA:101,0
DA:102,0
DA:104,0
DA:107,0
DA:108,0
DA:110,0
DA:111,0
DA:112,0
DA:121,0
DA:122,0
DA:126,0
DA:129,0
DA:130,0
DA:131,0
DA:136,0
DA:137,0
DA:138,0
DA:143,0
DA:147,0
DA:152,0
DA:198,0
DA:207,0
DA:216,0
DA:242,0
DA:249,0
DA:250,0
DA:252,0
DA:253,0
DA:254,0
DA:262,0
DA:284,0
DA:290,0
DA:317,0
DA:326,0
DA:353,0
DA:373,0
DA:414,0
LF:62
LH:0
BRDA:38,0,0,0
BRDA:38,0,1,0
BRDA:111,1,0,0
BRDA:111,1,1,0
BRDA:111,2,0,0
BRDA:111,2,1,0
BRDA:131,3,0,0
BRDA:131,3,1,0
BRDA:131,3,2,0
BRDA:137,4,0,0
BRDA:137,4,1,0
BRDA:138,5,0,0
BRDA:138,5,1,0
BRDA:138,5,2,0
BRDA:156,6,0,0
BRDA:156,6,1,0
BRDA:158,7,0,0
BRDA:158,7,1,0
BRDA:187,8,0,0
BRDA:187,8,1,0
BRDA:197,9,0,0
BRDA:197,9,1,0
BRDA:200,10,0,0
BRDA:200,10,1,0
BRDA:203,11,0,0
BRDA:203,11,1,0
BRDA:206,12,0,0
BRDA:206,12,1,0
BRDA:209,13,0,0
BRDA:209,13,1,0
BRDA:212,14,0,0
BRDA:212,14,1,0
BRDA:215,15,0,0
BRDA:215,15,1,0
BRDA:218,16,0,0
BRDA:218,16,1,0
BRDA:221,17,0,0
BRDA:221,17,1,0
BRDA:227,18,0,0
BRDA:227,18,1,0
BRDA:249,19,0,0
BRDA:249,19,1,0
BRDA:259,20,0,0
BRDA:259,20,1,0
BRDA:260,21,0,0
BRDA:260,21,1,0
BRDA:267,22,0,0
BRDA:267,22,1,0
BRDA:268,23,0,0
BRDA:268,23,1,0
BRDA:268,23,2,0
BRDA:288,24,0,0
BRDA:288,24,1,0
BRDA:295,25,0,0
BRDA:295,25,1,0
BRDA:320,26,0,0
BRDA:320,26,1,0
BRDA:329,27,0,0
BRDA:329,27,1,0
BRDA:344,28,0,0
BRDA:344,28,1,0
BRDA:350,29,0,0
BRDA:350,29,1,0
BRDA:363,30,0,0
BRDA:363,30,1,0
BRDA:377,31,0,0
BRDA:377,31,1,0
BRDA:396,32,0,0
BRDA:396,32,1,0
BRDA:401,33,0,0
BRDA:401,33,1,0
BRDA:401,33,2,0
BRDA:404,34,0,0
BRDA:404,34,1,0
BRF:74
BRH:0
end_of_record
TN:
SF:src\screens\user\EditProfileScreen.tsx
FN:17,(anonymous_0)
FN:32,(anonymous_1)
FN:41,(anonymous_2)
FNF:3
FNH:0
FNDA:0,(anonymous_0)
FNDA:0,(anonymous_1)
FNDA:0,(anonymous_2)
DA:17,0
DA:18,0
DA:19,0
DA:20,0
DA:21,0
DA:22,0
DA:23,0
DA:25,0
DA:32,0
DA:34,0
DA:37,0
DA:41,0
DA:129,0
LF:13
LH:0
BRF:0
BRH:0
end_of_record
TN:
SF:src\screens\user\FAQScreen.tsx
FN:19,(anonymous_0)
FN:61,(anonymous_1)
FN:74,(anonymous_2)
FN:87,(anonymous_3)
FN:91,(anonymous_4)
FNF:5
FNH:0
FNDA:0,(anonymous_0)
FNDA:0,(anonymous_1)
FNDA:0,(anonymous_2)
FNDA:0,(anonymous_3)
FNDA:0,(anonymous_4)
DA:19,0
DA:20,0
DA:21,0
DA:23,0
DA:61,0
DA:62,0
DA:63,0
DA:64,0
DA:66,0
DA:68,0
DA:71,0
DA:74,0
DA:88,0
DA:91,0
DA:121,0
LF:15
LH:0
BRDA:63,0,0,0
BRDA:63,0,1,0
BRDA:96,1,0,0
BRDA:96,1,1,0
BRDA:101,2,0,0
BRDA:101,2,1,0
BRF:6
BRH:0
end_of_record
TN:
SF:src\screens\user\MentalHealthTestScreen.tsx
FN:13,(anonymous_0)
FN:51,(anonymous_1)
FN:65,(anonymous_2)
FN:72,(anonymous_3)
FN:104,(anonymous_4)
FNF:5
FNH:0
FNDA:0,(anonymous_0)
FNDA:0,(anonymous_1)
FNDA:0,(anonymous_2)
FNDA:0,(anonymous_3)
FNDA:0,(anonymous_4)
DA:13,0
DA:14,0
DA:15,0
DA:17,0
DA:48,0
DA:51,0
DA:66,0
DA:72,0
DA:116,0
LF:9
LH:0
BRDA:70,0,0,0
BRDA:70,0,1,0
BRDA:100,1,0,0
BRDA:100,1,1,0
BRF:4
BRH:0
end_of_record
TN:
SF:src\screens\user\MoodCheckInScreen.tsx
FN:21,(anonymous_0)
FN:29,(anonymous_1)
FN:73,(anonymous_2)
FN:103,(anonymous_3)
FN:110,(anonymous_4)
FN:127,(anonymous_5)
FNF:6
FNH:0
FNDA:0,(anonymous_0)
FNDA:0,(anonymous_1)
FNDA:0,(anonymous_2)
FNDA:0,(anonymous_3)
FNDA:0,(anonymous_4)
FNDA:0,(anonymous_5)
DA:12,0
DA:21,0
DA:22,0
DA:23,0
DA:24,0
DA:27,0
DA:29,0
DA:30,0
DA:31,0
DA:32,0
DA:35,0
DA:36,0
DA:38,0
DA:45,0
DA:48,0
DA:50,0
DA:51,0
DA:53,0
DA:57,0
DA:73,0
DA:104,0
DA:110,0
DA:127,0
DA:152,0
LF:24
LH:0
BRDA:30,0,0,0
BRDA:30,0,1,0
BRDA:108,1,0,0
BRDA:108,1,1,0
BRDA:123,2,0,0
BRDA:123,2,1,0
BRF:6
BRH:0
end_of_record
TN:
SF:src\screens\user\MoodHistoryScreen.tsx
FN:21,(anonymous_0)
FN:34,(anonymous_1)
FN:49,(anonymous_2)
FN:64,(anonymous_3)
FN:72,(anonymous_4)
FN:81,(anonymous_5)
FN:88,(anonymous_6)
FN:110,(anonymous_7)
FN:118,(anonymous_8)
FNF:9
FNH:0
FNDA:0,(anonymous_0)
FNDA:0,(anonymous_1)
FNDA:0,(anonymous_2)
FNDA:0,(anonymous_3)
FNDA:0,(anonymous_4)
FNDA:0,(anonymous_5)
FNDA:0,(anonymous_6)
FNDA:0,(anonymous_7)
FNDA:0,(anonymous_8)
DA:21,0
DA:22,0
DA:23,0
DA:25,0
DA:34,0
DA:35,0
DA:37,0
DA:39,0
DA:41,0
DA:43,0
DA:45,0
DA:49,0
DA:50,0
DA:52,0
DA:54,0
DA:56,0
DA:58,0
DA:60,0
DA:64,0
DA:65,0
DA:66,0
DA:69,0
DA:72,0
DA:82,0
DA:88,0
DA:110,0
DA:119,0
DA:156,0
LF:28
LH:0
BRDA:35,0,0,0
BRDA:35,0,1,0
BRDA:35,0,2,0
BRDA:35,0,3,0
BRDA:35,0,4,0
BRDA:50,1,0,0
BRDA:50,1,1,0
BRDA:50,1,2,0
BRDA:50,1,3,0
BRDA:50,1,4,0
BRDA:86,2,0,0
BRDA:86,2,1,0
BRDA:93,3,0,0
BRDA:93,3,1,0
BRDA:143,4,0,0
BRDA:143,4,1,0
BRF:16
BRH:0
end_of_record
TN:
SF:src\screens\user\MoodResultScreen.tsx
FN:27,(anonymous_0)
FN:80,(anonymous_1)
FN:85,(anonymous_2)
FN:91,(anonymous_3)
FN:120,(anonymous_4)
FN:151,(anonymous_5)
FN:154,(anonymous_6)
FN:165,(anonymous_7)
FN:170,(anonymous_8)
FN:173,(anonymous_9)
FN:180,(anonymous_10)
FN:205,(anonymous_11)
FN:239,(anonymous_12)
FN:252,(anonymous_13)
FN:285,(anonymous_14)
FN:315,(anonymous_15)
FNF:16
FNH:0
FNDA:0,(anonymous_0)
FNDA:0,(anonymous_1)
FNDA:0,(anonymous_2)
FNDA:0,(anonymous_3)
FNDA:0,(anonymous_4)
FNDA:0,(anonymous_5)
FNDA:0,(anonymous_6)
FNDA:0,(anonymous_7)
FNDA:0,(anonymous_8)
FNDA:0,(anonymous_9)
FNDA:0,(anonymous_10)
FNDA:0,(anonymous_11)
FNDA:0,(anonymous_12)
FNDA:0,(anonymous_13)
FNDA:0,(anonymous_14)
FNDA:0,(anonymous_15)
DA:18,0
DA:27,0
DA:28,0
DA:29,0
DA:30,0
DA:31,0
DA:32,0
DA:33,0
DA:36,0
DA:45,0
DA:55,0
DA:56,0
DA:62,0
DA:68,0
DA:69,0
DA:70,0
DA:71,0
DA:74,0
DA:75,0
DA:76,0
DA:77,0
DA:78,0
DA:80,0
DA:81,0
DA:82,0
DA:85,0
DA:86,0
DA:87,0
DA:91,0
DA:92,0
DA:93,0
DA:94,0
DA:95,0
DA:97,0
DA:98,0
DA:113,0
DA:116,0
DA:120,0
DA:151,0
DA:154,0
DA:165,0
DA:170,0
DA:174,0
DA:181,0
DA:182,0
DA:206,0
DA:207,0
DA:240,0
DA:253,0
DA:254,0
DA:255,0
DA:256,0
DA:257,0
DA:259,0
DA:260,0
DA:261,0
DA:262,0
DA:265,0
DA:266,0
DA:268,0
DA:286,0
DA:287,0
DA:288,0
DA:291,0
DA:292,0
DA:293,0
DA:305,0
DA:316,0
DA:349,0
LF:69
LH:0
BRDA:55,0,0,0
BRDA:55,0,1,0
BRDA:86,1,0,0
BRDA:86,1,1,0
BRDA:178,2,0,0
BRDA:178,2,1,0
BRDA:188,3,0,0
BRDA:188,3,1,0
BRDA:193,4,0,0
BRDA:193,4,1,0
BRDA:233,5,0,0
BRDA:233,5,1,0
BRDA:236,6,0,0
BRDA:236,6,1,0
BRDA:253,7,0,0
BRDA:253,7,1,0
BRDA:291,8,0,0
BRDA:291,8,1,0
BRDA:291,9,0,0
BRDA:291,9,1,0
BRDA:291,9,2,0
BRDA:292,10,0,0
BRDA:292,10,1,0
BRF:23
BRH:0
end_of_record
TN:
SF:src\screens\user\ProfileScreen.tsx
FN:14,(anonymous_0)
FN:22,(anonymous_1)
FN:28,(anonymous_2)
FN:34,(anonymous_3)
FN:40,(anonymous_4)
FN:46,(anonymous_5)
FN:52,(anonymous_6)
FN:58,(anonymous_7)
FN:66,(anonymous_8)
FN:107,(anonymous_9)
FNF:10
FNH:0
FNDA:0,(anonymous_0)
FNDA:0,(anonymous_1)
FNDA:0,(anonymous_2)
FNDA:0,(anonymous_3)
FNDA:0,(anonymous_4)
FNDA:0,(anonymous_5)
FNDA:0,(anonymous_6)
FNDA:0,(anonymous_7)
FNDA:0,(anonymous_8)
FNDA:0,(anonymous_9)
DA:14,0
DA:15,0
DA:17,0
DA:22,0
DA:28,0
DA:34,0
DA:40,0
DA:46,0
DA:52,0
DA:58,0
DA:63,0
DA:66,0
DA:108,0
DA:153,0
LF:14
LH:0
BRDA:118,0,0,0
BRDA:118,0,1,0
BRDA:123,1,0,0
BRDA:123,1,1,0
BRF:4
BRH:0
end_of_record
TN:
SF:src\screens\user\SettingsScreen.tsx
FN:16,(anonymous_0)
FN:34,(anonymous_1)
FNF:2
FNH:0
FNDA:0,(anonymous_0)
FNDA:0,(anonymous_1)
DA:16,0
DA:17,0
DA:18,0
DA:19,0
DA:20,0
DA:21,0
DA:23,0
DA:30,0
DA:34,0
DA:137,0
LF:10
LH:0
BRDA:58,0,0,0
BRDA:58,0,1,0
BRDA:70,1,0,0
BRDA:70,1,1,0
BRDA:87,2,0,0
BRDA:87,2,1,0
BRF:6
BRH:0
end_of_record
TN:
SF:src\screens\user\StudentNotificationScreen.tsx
FN:24,(anonymous_0)
FN:70,(anonymous_1)
FN:72,(anonymous_2)
FN:87,(anonymous_3)
FN:106,(anonymous_4)
FN:120,(anonymous_5)
FNF:6
FNH:0
FNDA:0,(anonymous_0)
FNDA:0,(anonymous_1)
FNDA:0,(anonymous_2)
FNDA:0,(anonymous_3)
FNDA:0,(anonymous_4)
FNDA:0,(anonymous_5)
DA:24,0
DA:25,0
DA:26,0
DA:28,0
DA:35,0
DA:70,0
DA:72,0
DA:73,0
DA:75,0
DA:77,0
DA:79,0
DA:81,0
DA:83,0
DA:87,0
DA:88,0
DA:90,0
DA:92,0
DA:94,0
DA:96,0
DA:98,0
DA:102,0
DA:106,0
DA:121,0
DA:162,0
LF:24
LH:0
BRDA:73,0,0,0
BRDA:73,0,1,0
BRDA:73,0,2,0
BRDA:73,0,3,0
BRDA:73,0,4,0
BRDA:88,1,0,0
BRDA:88,1,1,0
BRDA:88,1,2,0
BRDA:88,1,3,0
BRDA:88,1,4,0
BRDA:119,2,0,0
BRDA:119,2,1,0
BRDA:125,3,0,0
BRDA:125,3,1,0
BRDA:140,4,0,0
BRDA:140,4,1,0
BRF:16
BRH:0
end_of_record
TN:
SF:src\screens\user\UserDashboard.tsx
FN:17,(anonymous_0)
FN:47,(anonymous_1)
FN:51,(anonymous_2)
FN:69,(anonymous_3)
FN:82,(anonymous_4)
FN:102,(anonymous_5)
FN:131,(anonymous_6)
FN:136,(anonymous_7)
FN:149,(anonymous_8)
FN:179,(anonymous_9)
FN:183,(anonymous_10)
FNF:11
FNH:0
FNDA:0,(anonymous_0)
FNDA:0,(anonymous_1)
FNDA:0,(anonymous_2)
FNDA:0,(anonymous_3)
FNDA:0,(anonymous_4)
FNDA:0,(anonymous_5)
FNDA:0,(anonymous_6)
FNDA:0,(anonymous_7)
FNDA:0,(anonymous_8)
FNDA:0,(anonymous_9)
FNDA:0,(anonymous_10)
DA:17,0
DA:18,0
DA:19,0
DA:21,0
DA:23,0
DA:30,0
DA:47,0
DA:51,0
DA:69,0
DA:82,0
DA:102,0
DA:131,0
DA:138,0
DA:145,0
DA:149,0
DA:180,0
DA:183,0
DA:198,0
LF:18
LH:0
BRDA:99,0,0,0
BRDA:99,0,1,0
BRF:2
BRH:0
end_of_record
TN:
SF:src\services\mockFirebase.ts
FN:8,(anonymous_0)
FN:11,(anonymous_1)
FN:20,(anonymous_2)
FN:23,(anonymous_3)
FN:25,(anonymous_4)
FN:35,(anonymous_5)
FN:38,(anonymous_6)
FN:41,(anonymous_7)
FN:43,(anonymous_8)
FN:51,(anonymous_9)
FN:62,(anonymous_10)
FN:66,(anonymous_11)
FN:73,(anonymous_12)
FN:88,(anonymous_13)
FN:89,(anonymous_14)
FN:93,(anonymous_15)
FN:100,(anonymous_16)
FNF:17
FNH:0
FNDA:0,(anonymous_0)
FNDA:0,(anonymous_1)
FNDA:0,(anonymous_2)
FNDA:0,(anonymous_3)
FNDA:0,(anonymous_4)
FNDA:0,(anonymous_5)
FNDA:0,(anonymous_6)
FNDA:0,(anonymous_7)
FNDA:0,(anonymous_8)
FNDA:0,(anonymous_9)
FNDA:0,(anonymous_10)
FNDA:0,(anonymous_11)
FNDA:0,(anonymous_12)
FNDA:0,(anonymous_13)
FNDA:0,(anonymous_14)
FNDA:0,(anonymous_15)
FNDA:0,(anonymous_16)
DA:6,0
DA:9,0
DA:10,0
DA:12,0
DA:13,0
DA:15,0
DA:16,0
DA:17,0
DA:18,0
DA:21,0
DA:22,0
DA:23,0
DA:26,0
DA:27,0
DA:36,0
DA:37,0
DA:39,0
DA:40,0
DA:41,0
DA:44,0
DA:45,0
DA:49,0
DA:51,0
DA:57,0
DA:60,0
DA:63,0
DA:64,0
DA:67,0
DA:72,0
DA:74,0
DA:75,0
DA:76,0
DA:77,0
DA:79,0
DA:80,0
DA:82,0
DA:87,0
DA:88,0
DA:90,0
DA:91,0
DA:94,0
DA:100,0
DA:102,0
DA:110,0
DA:124,0
LF:45
LH:0
BRDA:12,0,0,0
BRDA:12,0,1,0
BRDA:21,1,0,0
BRDA:21,1,1,0
BRDA:39,2,0,0
BRDA:39,2,1,0
BRDA:75,3,0,0
BRDA:75,3,1,0
BRDA:77,4,0,0
BRDA:77,4,1,0
BRF:10
BRH:0
end_of_record
TN:
SF:src\types\index.ts
FNF:0
FNH:0
LF:0
LH:0
BRF:0
BRH:0
end_of_record
TN:
SF:src\utils\storage.ts
FN:4,(anonymous_0)
FN:12,(anonymous_1)
FN:21,(anonymous_2)
FN:29,(anonymous_3)
FNF:4
FNH:0
FNDA:0,(anonymous_0)
FNDA:0,(anonymous_1)
FNDA:0,(anonymous_2)
FNDA:0,(anonymous_3)
DA:3,0
DA:5,0
DA:6,0
DA:8,0
DA:13,0
DA:14,0
DA:16,0
DA:17,0
DA:22,0
DA:23,0
DA:25,0
DA:30,0
DA:31,0
DA:33,0
LF:14
LH:0
BRF:0
BRH:0
end_of_record
